<?xml version="1.0" encoding="UTF-8"?>
<!-- Generated by org.testng.reporters.JUnitReportReporter -->
<testsuite hostname="sanjay237" failures="0" tests="1" name="admin.Tests.ApplyCataloRuleTest" time="4.842" errors="0" timestamp="2023-03-27T13:14:42 IST" skipped="0">
  <testcase classname="admin.Tests.ApplyCataloRuleTest" name="create" time="4.842"/>
  <system-out/>
</testsuite> <!-- admin.Tests.ApplyCataloRuleTest -->
