<?xml version="1.0" encoding="UTF-8"?>
<!-- Generated by org.testng.reporters.JUnitReportReporter -->
<testsuite hostname="sanjay237" failures="0" tests="1" name="Shop.Tests.FlipKartSearch" time="4.305" errors="0" timestamp="2023-02-03T15:58:51 IST" skipped="0">
  <testcase classname="Shop.Tests.FlipKartSearch" name="flipKartTest" time="4.305"/>
  <system-out/>
</testsuite> <!-- Shop.Tests.FlipKartSearch -->
