<?xml version="1.0" encoding="UTF-8"?>
<!-- Generated by org.testng.reporters.JUnitReportReporter -->
<testsuite hostname="sanjay237" failures="0" tests="1" name="Shop.Tests.CustomerCheckoutTest" time="96.189" errors="0" timestamp="2023-02-28T16:41:13 IST" skipped="0">
  <testcase classname="Shop.Tests.CustomerCheckoutTest" name="CustomerplaceOrder" time="96.189"/>
  <system-out/>
</testsuite> <!-- Shop.Tests.CustomerCheckoutTest -->
