<?xml version="1.0" encoding="UTF-8"?>
<!-- Generated by org.testng.reporters.JUnitReportReporter -->
<testsuite hostname="sanjay237" failures="0" tests="1" name="admin.Tests.CreateSimpleProductTest" time="42.518" errors="0" timestamp="2023-03-28T15:46:17 IST" skipped="0">
  <testcase classname="admin.Tests.CreateSimpleProductTest" name="Createproduct" time="42.518"/>
  <system-out/>
</testsuite> <!-- admin.Tests.CreateSimpleProductTest -->
