<?xml version="1.0" encoding="UTF-8"?>
<!-- Generated by org.testng.reporters.JUnitReportReporter -->
<testsuite hostname="sanjay237" failures="0" tests="1" name="Shop.Tests.ShopByCategory" time="11.510" errors="0" timestamp="2023-03-01T15:22:47 IST" skipped="0">
  <testcase classname="Shop.Tests.ShopByCategory" name="veryfyListingPage" time="11.510"/>
  <system-out/>
</testsuite> <!-- Shop.Tests.ShopByCategory -->
