<?xml version="1.0" encoding="UTF-8"?>
<!-- Generated by org.testng.reporters.JUnitReportReporter -->
<testsuite hostname="sanjay237" failures="0" tests="1" name="admin.Tests.AdminLoginTest" time="8.937" errors="0" timestamp="2023-02-09T17:20:34 IST" skipped="0">
  <testcase classname="admin.Tests.AdminLoginTest" name="login" time="8.937"/>
  <system-out/>
</testsuite> <!-- admin.Tests.AdminLoginTest -->
