<?xml version="1.0" encoding="UTF-8"?>
<!-- Generated by org.testng.reporters.JUnitReportReporter -->
<testsuite hostname="sanjay237" failures="0" tests="1" name="Shop.Tests.AddCustomerAddressTest" time="8.780" errors="0" timestamp="2023-02-02T19:16:43 IST" skipped="0">
  <testcase classname="Shop.Tests.AddCustomerAddressTest" name="addCustomerAddress" time="8.780"/>
  <system-out/>
</testsuite> <!-- Shop.Tests.AddCustomerAddressTest -->
