<?xml version="1.0" encoding="UTF-8"?>
<!-- Generated by org.testng.reporters.JUnitReportReporter -->
<testsuite hostname="sanjay237" failures="0" tests="1" name="Shop.Tests.ShopByCategory" time="4.672" errors="0" timestamp="2023-03-01T10:15:03 IST" skipped="0">
  <testcase classname="Shop.Tests.ShopByCategory" name="veryfyListingPage" time="4.672"/>
  <system-out/>
</testsuite> <!-- Shop.Tests.ShopByCategory -->
