<?xml version="1.0" encoding="UTF-8"?>
<!-- Generated by org.testng.reporters.JUnitReportReporter -->
<testsuite hostname="sanjay237" failures="0" tests="1" name="Shop.Tests.FlipKartSearch" time="6.282" errors="0" timestamp="2023-01-23T16:16:42 IST" skipped="0">
  <testcase classname="Shop.Tests.FlipKartSearch" name="flipKartTest" time="6.282"/>
  <system-out/>
</testsuite> <!-- Shop.Tests.FlipKartSearch -->
