<?xml version="1.0" encoding="UTF-8"?>
<!-- Generated by org.testng.reporters.JUnitReportReporter -->
<testsuite hostname="sanjay237" failures="0" tests="1" name="Shop.Tests.ShopByCategory" time="4.576" errors="0" timestamp="2023-02-28T19:28:09 IST" skipped="0">
  <testcase classname="Shop.Tests.ShopByCategory" name="veryfyListingPage" time="4.576"/>
  <system-out/>
</testsuite> <!-- Shop.Tests.ShopByCategory -->
