<?xml version="1.0" encoding="UTF-8"?>
<!-- Generated by org.testng.reporters.JUnitReportReporter -->
<testsuite hostname="sanjay237" failures="0" tests="1" name="Shop.Tests.FlipKartSearch" time="4.240" errors="0" timestamp="2023-02-16T19:35:42 IST" skipped="0">
  <testcase classname="Shop.Tests.FlipKartSearch" name="flipKartTest" time="4.240"/>
  <system-out/>
</testsuite> <!-- Shop.Tests.FlipKartSearch -->
